Using pre-set license
Built from '2020.3/china_unity/release' branch; Version is '2020.3.12f1c1 (5887f62ce680) revision 5801974'; Using compiler version '192528614'; Build Type 'Release'
OS: 'Windows 10 Pro; OS build 19042.1110; Version 2009; 64bit' Language: 'en' Physical Memory: 32718 MB
BatchMode: 1, IsHumanControllingUs: 0, StartBugReporterOnCrash: 0, Is64bit: 1, IsPro: 0

 COMMAND LINE ARGUMENTS:
C:\Program Files\Unity\Hub\Editor\2020.3.12f1c1\Editor\Unity.exe
-adb2
-batchMode
-noUpm
-name
AssetImportWorker0
-projectPath
D:/Workshop/CostumeDeck/DeckProj
-logFile
Logs/AssetImportWorker0.log
-srvPort
49229
Successfully changed project path to: D:/Workshop/CostumeDeck/DeckProj
D:/Workshop/CostumeDeck/DeckProj
Using Asset Import Pipeline V2.
Refreshing native plugins compatible for Editor in 37.40 ms, found 2 plugins.
Preloading 0 native plugins for Editor in 0.00 ms.
Initialize engine version: 2020.3.12f1c1 (5887f62ce680)
[Subsystems] Discovering subsystems at path C:/Program Files/Unity/Hub/Editor/2020.3.12f1c1/Editor/Data/Resources/UnitySubsystems
[Subsystems] Discovering subsystems at path D:/Workshop/CostumeDeck/DeckProj/Assets
GfxDevice: creating device client; threaded=0
Direct3D:
    Version:  Direct3D 11.0 [level 11.1]
    Renderer: NVIDIA GeForce GTX 1070 (ID=0x1b81)
    Vendor:   
    VRAM:     8088 MB
    Driver:   30.0.14.7111
Initialize mono
Mono path[0] = 'C:/Program Files/Unity/Hub/Editor/2020.3.12f1c1/Editor/Data/Managed'
Mono path[1] = 'C:/Program Files/Unity/Hub/Editor/2020.3.12f1c1/Editor/Data/MonoBleedingEdge/lib/mono/unityjit'
Mono config path = 'C:/Program Files/Unity/Hub/Editor/2020.3.12f1c1/Editor/Data/MonoBleedingEdge/etc'
Using monoOptions --debugger-agent=transport=dt_socket,embedding=1,server=y,suspend=n,address=127.0.0.1:56200
Begin MonoManager ReloadAssembly
Registering precompiled unity dll's ...
Register platform support module: C:/Program Files/Unity/Hub/Editor/2020.3.12f1c1/Editor/Data/PlaybackEngines/WebGLSupport/UnityEditor.WebGL.Extensions.dll
Register platform support module: C:/Program Files/Unity/Hub/Editor/2020.3.12f1c1/Editor/Data/PlaybackEngines/WindowsStandaloneSupport/UnityEditor.WindowsStandalone.Extensions.dll
Registered in 0.002007 seconds.
Native extension for WindowsStandalone target not found
Native extension for WebGL target not found
Refreshing native plugins compatible for Editor in 31.38 ms, found 2 plugins.
Preloading 0 native plugins for Editor in 0.00 ms.
Mono: successfully reloaded assembly
- Completed reload, in  1.337 seconds
Platform modules already initialized, skipping
Registering precompiled user dll's ...
Registered in 0.002977 seconds.
Begin MonoManager ReloadAssembly
Native extension for WindowsStandalone target not found
Native extension for WebGL target not found
Refreshing native plugins compatible for Editor in 0.58 ms, found 2 plugins.
Preloading 0 native plugins for Editor in 0.00 ms.
Mono: successfully reloaded assembly
- Completed reload, in  0.834 seconds
Platform modules already initialized, skipping
========================================================================
Worker process is ready to serve import requests
Launched and connected shader compiler UnityShaderCompiler.exe after 0.03 seconds
Refreshing native plugins compatible for Editor in 0.56 ms, found 2 plugins.
Preloading 0 native plugins for Editor in 0.00 ms.
Unloading 1940 Unused Serialized files (Serialized files now loaded: 0)
System memory in use before: 80.1 MB.
System memory in use after: 80.1 MB.

Unloading 58 unused Assets to reduce memory usage. Loaded Objects now: 2343.
Total: 4.461300 ms (FindLiveObjects: 0.155000 ms CreateObjectMapping: 0.041500 ms MarkObjects: 4.205300 ms  DeleteObjects: 0.058800 ms)

AssetImportParameters requested are different than current active one (requested -> active):
  custom:framework-win-MediaFoundation: 216162199b28c13a410421893ffa2e32 -> 
  custom:video-decoder-ogg-theora: a1e56fd34408186e4bbccfd4996cb3dc -> 
  custom:container-muxer-webm: aa71ff27fc2769a1b78a27578f13a17b -> 
  custom:container-demuxer-webm: 4f35f7cbe854078d1ac9338744f61a02 -> 
  custom:container-demuxer-ogg: 62fdf1f143b41e24485cea50d1cbac27 -> 
  custom:video-encoder-webm-vp8: eb34c28f22e8b96e1ab97ce403110664 -> 
  custom:video-decoder-webm-vp8: 9c59270c3fd7afecdb556c50c9e8de78 -> 
  custom:audio-decoder-ogg-vorbis: bf7c407c2cedff20999df2af8eb42d56 -> 
  custom:audio-encoder-webm-vorbis: bf7c407c2cedff20999df2af8eb42d56 -> 
========================================================================
Received Import Request.
  path: Assets
  artifactKey: Guid(00000000000000001000000000000000) Importer(815301076,1909f56bfc062723c751e8b465ee728b)
Start importing Assets using Guid(00000000000000001000000000000000) Importer(815301076,1909f56bfc062723c751e8b465ee728b)  -> (artifact id: '42d402b061de3733987d63b9cc3b64de') in 0.009047 seconds 
  Import took 0.011402 seconds .

========================================================================
Received Import Request.
  Time since last request: 2.889064 seconds.
  path: Assets/Scripts
  artifactKey: Guid(086612d7c22f1b5478ffaaa1ed9f327c) Importer(815301076,1909f56bfc062723c751e8b465ee728b)
Start importing Assets/Scripts using Guid(086612d7c22f1b5478ffaaa1ed9f327c) Importer(815301076,1909f56bfc062723c751e8b465ee728b)  -> (artifact id: 'b7b6281ba19afdb7b6b702f121d0ffe0') in 0.004792 seconds 
  Import took 0.007332 seconds .

========================================================================
Received Import Request.
  Time since last request: 15.461161 seconds.
  path: Assets/Scripts/Bamboom
  artifactKey: Guid(ded4d740eccf5e44b91df41110cac3a0) Importer(815301076,1909f56bfc062723c751e8b465ee728b)
Start importing Assets/Scripts/Bamboom using Guid(ded4d740eccf5e44b91df41110cac3a0) Importer(815301076,1909f56bfc062723c751e8b465ee728b)  -> (artifact id: '279379b2fd2c985dc476f1a03327b851') in 0.004523 seconds 
  Import took 0.006997 seconds .

========================================================================
Received Import Request.
  Time since last request: 28.304587 seconds.
  path: Assets/Scripts/Bamboom/CorutineMgr.cs
  artifactKey: Guid(248df691ab47ec0498416575ae8310ce) Importer(815301076,1909f56bfc062723c751e8b465ee728b)
Start importing Assets/Scripts/Bamboom/CorutineMgr.cs using Guid(248df691ab47ec0498416575ae8310ce) Importer(815301076,1909f56bfc062723c751e8b465ee728b)  -> (artifact id: '1b296070827d2d4d6050a752644ab9ed') in 0.026785 seconds 
  Import took 0.029284 seconds .

========================================================================
Received Import Request.
  Time since last request: 0.048039 seconds.
  path: Assets/Scripts/Bamboom/CorutineMgr.cs
  artifactKey: Guid(248df691ab47ec0498416575ae8310ce) Importer(815301076,1909f56bfc062723c751e8b465ee728b)
Start importing Assets/Scripts/Bamboom/CorutineMgr.cs using Guid(248df691ab47ec0498416575ae8310ce) Importer(815301076,1909f56bfc062723c751e8b465ee728b)  -> (artifact id: '1b296070827d2d4d6050a752644ab9ed') in 0.001223 seconds 
  Import took 0.003764 seconds .

