
=== Sun Jul 25 16:43:55 2021

Packages were changed.
Update Mode: mergeDefaultDependencies

The following packages were added:
  com.unity.ide.rider@2.0.7
  com.unity.ide.visualstudio@2.0.8
  com.unity.ide.vscode@1.2.3
  com.unity.modules.androidjni@1.0.0
  com.unity.test-framework@1.1.24
  com.unity.ugui@1.0.0
The following packages were updated:
  com.unity.ads from version 2.0.8 to 3.7.1
  com.unity.analytics from version 3.2.2 to 3.5.3
  com.unity.collab-proxy from version 1.2.9 to 1.5.7
  com.unity.purchasing from version 2.0.1 to 3.2.1
  com.unity.textmeshpro from version 1.3.0 to 3.0.6
  com.unity.timeline from version 0.0.0-builtin to 1.4.8
  com.unity.xr.legacyinputhelpers from version 1.0.0 to 2.1.7

=== Sun Jul 25 16:46:01 2021

Packages were changed.
Update Mode: updateDependencies

The following packages were added:
  com.unity.2d.sprite@1.0.0
  com.unity.2d.tilemap@1.0.0
The following packages were removed:
  com.unity.package-manager-ui@0.0.0-builtin
